<?xml version="1.0" encoding="UTF-8"?>
<!-- Generated by org.testng.reporters.JUnitXMLReporter -->
<testsuite hostname="EXIMR-IM-095" ignored="0" name="Test" tests="2" failures="1" timestamp="28 Aug 2018 05:28:06 GMT" time="4.515" errors="0">
  <testcase name="googleTitleVerify" time="4.443" classname="ListenersDemo.MyFirstTestCase"/>
  <testcase name="titleMatch" time="0.012" classname="ListenersDemo.MyFirstTestCase">
    <failure type="java.lang.AssertionError" message="expected [true] but found [false]">
      <![CDATA[java.lang.AssertionError: expected [true] but found [false]
at ListenersDemo.MyFirstTestCase.titleMatch(MyFirstTestCase.java:25)
... Removed 29 stack frames]]>
    </failure>
  </testcase> <!-- titleMatch -->
</testsuite> <!-- Test -->
